<?xml version="1.0" encoding="UTF-8"?>
<!-- Generated by org.testng.reporters.JUnitReportReporter -->
<testsuite hostname="cntdev-HP-liteBook-840-G2" name="com.qa.base.Testbase" tests="1" failures="0" timestamp="9 Nov 2018 09:30:23 GMT" time="0.029" errors="0">
  <testcase name="TestBase" time="0.029" classname="com.qa.base.Testbase"/>
</testsuite> <!-- com.qa.base.Testbase -->
