<?xml version="1.0" encoding="UTF-8"?>
<!-- Generated by org.testng.reporters.JUnitReportReporter -->
<testsuite hostname="cntdev-HP-liteBook-840-G2" name="com.qa.post.sampleTest" tests="1" failures="0" timestamp="18 Dec 2018 04:27:05 GMT" time="0.026" errors="0">
  <testcase name="f" time="0.026" classname="com.qa.post.sampleTest"/>
</testsuite> <!-- com.qa.post.sampleTest -->
