<?xml version="1.0" encoding="UTF-8"?>
<!-- Generated by org.testng.reporters.JUnitReportReporter -->
<testsuite hostname="cntdev-HP-liteBook-840-G2" name="com.qa.post.LoginAPITest" tests="1" failures="0" timestamp="9 Feb 2019 12:10:49 GMT" time="3.248" errors="0">
  <testcase name="validLogin" time="3.248" classname="com.qa.post.LoginAPITest"/>
</testsuite> <!-- com.qa.post.LoginAPITest -->
