<?xml version="1.0" encoding="UTF-8"?>
<!-- Generated by org.testng.reporters.JUnitReportReporter -->
<testsuite hostname="cntdev-HP-liteBook-840-G2" name="com.qa.post.Role" tests="1" failures="0" timestamp="14 Nov 2018 12:39:09 GMT" time="0.943" errors="0">
  <testcase name="addRole" time="0.943" classname="com.qa.post.Role"/>
</testsuite> <!-- com.qa.post.Role -->
