<?xml version="1.0" encoding="UTF-8"?>
<!-- Generated by org.testng.reporters.JUnitReportReporter -->
<testsuite hostname="cntdev-HP-liteBook-840-G2" name="com.qa.post.Login" tests="1" failures="0" timestamp="17 Dec 2018 11:47:17 GMT" time="1.046" errors="0">
  <testcase name="validLogin" time="1.046" classname="com.qa.post.Login"/>
</testsuite> <!-- com.qa.post.Login -->
